<?xml version="1.0" encoding="UTF-8"?>
<testsuite xmlns:xsi="http://www.w3.org/2001/XMLSchema-instance" xsi:noNamespaceSchemaLocation="https://maven.apache.org/surefire/maven-surefire-plugin/xsd/surefire-test-report.xsd" name="Test" time="0.105" tests="2" errors="0" skipped="0" failures="0">
  <properties>
[...]
</properties>
  <testcase name="testOnDefaultInput{String, String, String}[1]" classname="Test" time="0.063"/>
  <testcase name="testOnDefaultInput{String, String, String}[2]" classname="Test" time="0.003"/>
</testsuite>