<?xml version="1.0" encoding="UTF-8"?>
<testsuite xmlns:xsi="http://www.w3.org/2001/XMLSchema-instance" xsi:noNamespaceSchemaLocation="https://maven.apache.org/surefire/maven-surefire-plugin/xsd/surefire-test-report.xsd" name="Test" time="0.13" tests="1" errors="0" skipped="0" failures="1">
  <properties>
[...]
</properties>
  <testcase name="testOnDefaultInput{String, String, String}[1]" classname="Test" time="0.087">
    <failure message="expected: &lt;[false, false, true]&gt; but was: &lt;[true, false, true]&gt;" type="org.opentest4j.AssertionFailedError"><![CDATA[org.opentest4j.AssertionFailedError: expected: <[false, false, true]> but was: <[true, false, true]>
	at Test.testOnDefaultInput(Test.java:51)
]]></failure>
  </testcase>
</testsuite>