-------------------------------------------------------------------------------
Test set: Test
-------------------------------------------------------------------------------
Tests run: 1, Failures: 1, Errors: 0, Skipped: 0, Time elapsed: 0.13 s <<< FAILURE! - in Test
testOnDefaultInput{String, String, String}[1]  Time elapsed: 0.087 s  <<< FAILURE!
org.opentest4j.AssertionFailedError: expected: <[false, false, true]> but was: <[true, false, true]>
	at Test.testOnDefaultInput(Test.java:51)

